<?xml version="1.0" encoding="UTF-8"?>
<!-- Generated by org.testng.reporters.JUnitReportReporter -->
<testsuite hostname="BLR1-LHP-N79051" failures="0" tests="1" name="com.test.TestDemo" time="0.358" errors="0" timestamp="2023-03-16T21:02:28 IST" skipped="0">
  <testcase classname="com.test.TestDemo" name="test" time="0.358"/>
  <system-out/>
</testsuite> <!-- com.test.TestDemo -->
